<?xml version="1.0" encoding="UTF-8"?>
<!-- Generated by org.testng.reporters.JUnitReportReporter -->
<testsuite hostname="AARO-225" failures="0" tests="1" name="com.seasonalloan.testcases.HomePageTest" time="0.018" errors="0" timestamp="2022-11-24T11:41:20 EAT" skipped="0">
  <testcase classname="com.seasonalloan.testcases.HomePageTest" name="verifyLoanTerm" time="0.018"/>
  <system-out/>
</testsuite> <!-- com.seasonalloan.testcases.HomePageTest -->
